<?xml version="1.0" encoding="UTF-8"?>
<!-- Generated by org.testng.reporters.JUnitReportReporter -->
<testsuite hostname="DESKTOP-RK9DMQL" failures="0" tests="1" name="com.cermati.ebay.test.AccessProductViaMultipleFilters" time="38.668" errors="0" timestamp="2024-02-08T08:58:22 IST" skipped="0">
  <testcase classname="com.cermati.ebay.test.AccessProductViaMultipleFilters" name="accessProductCategoryAfterApplyingMultipleFilters" time="38.668"/>
</testsuite> <!-- com.cermati.ebay.test.AccessProductViaMultipleFilters -->
